2024-02-13 13:29:47,421 - INFO: training_data : datasets/FB15K/
2024-02-13 13:29:47,421 - INFO: output : results/
2024-02-13 13:29:47,421 - INFO: dataset_division : 721
2024-02-13 13:29:47,421 - INFO: gpu_id : 0
2024-02-13 13:29:47,421 - INFO: dim : 100
2024-02-13 13:29:47,421 - INFO: margin : 1
2024-02-13 13:29:47,422 - INFO: neg_triple_num : 1
2024-02-13 13:29:47,422 - INFO: learning_rate : 0.001
2024-02-13 13:29:47,422 - INFO: optimizer : Adam
2024-02-13 13:29:47,422 - INFO: max_epoch : 200
2024-02-13 13:29:47,422 - INFO: start_valid : 0
2024-02-13 13:29:47,422 - INFO: eval_freq : 1
2024-02-13 13:29:47,422 - INFO: early_stop : False
2024-02-13 13:29:47,422 - INFO: batch_size : 5000
2024-02-13 13:29:47,422 - INFO: batch_threads_num : 2
2024-02-13 13:29:47,422 - INFO: test_threads_num : 4
2024-02-13 13:29:47,422 - INFO: ordered : True
2024-02-13 13:29:47,422 - INFO: stop_metric : mrr
2024-02-13 13:29:47,422 - INFO: eval_metric : inner
2024-02-13 13:29:47,422 - INFO: top_k : [1, 5, 10]
2024-02-13 13:29:47,422 - INFO: eval_norm : True
