2024-02-13 13:23:31,356 - INFO: training_data : datasets/FBDB15K/
2024-02-13 13:23:48,868 - INFO: output : results/
2024-02-13 13:23:56,483 - INFO: dataset_division : 721
2024-02-13 13:24:05,892 - INFO: gpu_id : 0
2024-02-13 13:24:08,431 - INFO: dim : 100
2024-02-13 13:24:10,298 - INFO: margin : 1
2024-02-13 13:24:11,956 - INFO: neg_triple_num : 1
2024-02-13 13:24:13,659 - INFO: learning_rate : 0.001
2024-02-13 13:24:14,841 - INFO: optimizer : Adam
2024-02-13 13:24:16,223 - INFO: max_epoch : 200
2024-02-13 13:24:17,244 - INFO: start_valid : 0
2024-02-13 13:24:18,351 - INFO: eval_freq : 1
2024-02-13 13:24:18,737 - INFO: early_stop : False
2024-02-13 13:24:19,099 - INFO: batch_size : 5000
2024-02-13 13:24:19,448 - INFO: batch_threads_num : 2
2024-02-13 13:24:19,824 - INFO: test_threads_num : 4
2024-02-13 13:24:20,209 - INFO: ordered : True
2024-02-13 13:24:21,020 - INFO: stop_metric : mrr
2024-02-13 13:24:21,998 - INFO: eval_metric : inner
2024-02-13 13:24:22,981 - INFO: top_k : [1, 5, 10]
2024-02-13 13:24:23,816 - INFO: eval_norm : True
